0 info it worked if it ends with ok
1 verbose cli [ 'node', '/usr/local/bin/npm', 'install' ]
2 info using npm@1.4.28
3 info using node@v0.10.32
4 warn package.json cloudflare-CPanel@0.1.0 No repository field.
5 verbose readDependencies using package.json deps
6 verbose install where, deps [ '/Users/davidfritsch/workspace/partner-tools/CloudFlare-CPanel',
6 verbose install   [ 'grunt', 'grunt-contrib-uglify', 'grunt-contrib-jst' ] ]
7 info preinstall cloudflare-CPanel@0.1.0
8 verbose readDependencies using package.json deps
9 verbose already installed skipping grunt-contrib-uglify@~0.5.0 /Users/davidfritsch/workspace/partner-tools/CloudFlare-CPanel
10 verbose cache add [ 'grunt-contrib-jst@~0.7.0', null ]
11 verbose cache add name=undefined spec="grunt-contrib-jst@~0.7.0" args=["grunt-contrib-jst@~0.7.0",null]
12 verbose parsed url { protocol: null,
12 verbose parsed url   slashes: null,
12 verbose parsed url   auth: null,
12 verbose parsed url   host: null,
12 verbose parsed url   port: null,
12 verbose parsed url   hostname: null,
12 verbose parsed url   hash: null,
12 verbose parsed url   search: null,
12 verbose parsed url   query: null,
12 verbose parsed url   pathname: 'grunt-contrib-jst@~0.7.0',
12 verbose parsed url   path: 'grunt-contrib-jst@~0.7.0',
12 verbose parsed url   href: 'grunt-contrib-jst@~0.7.0' }
13 verbose already installed skipping grunt@~0.4.5 /Users/davidfritsch/workspace/partner-tools/CloudFlare-CPanel
14 verbose cache add name="grunt-contrib-jst" spec="~0.7.0" args=["grunt-contrib-jst","~0.7.0"]
15 verbose parsed url { protocol: null,
15 verbose parsed url   slashes: null,
15 verbose parsed url   auth: null,
15 verbose parsed url   host: null,
15 verbose parsed url   port: null,
15 verbose parsed url   hostname: null,
15 verbose parsed url   hash: null,
15 verbose parsed url   search: null,
15 verbose parsed url   query: null,
15 verbose parsed url   pathname: '~0.7.0',
15 verbose parsed url   path: '~0.7.0',
15 verbose parsed url   href: '~0.7.0' }
16 verbose addNamed [ 'grunt-contrib-jst', '~0.7.0' ]
17 verbose addNamed [ null, '>=0.7.0-0 <0.8.0-0' ]
18 silly lockFile 22f60674-grunt-contrib-jst-0-7-0 grunt-contrib-jst@~0.7.0
19 verbose lock grunt-contrib-jst@~0.7.0 /Users/davidfritsch/.npm/22f60674-grunt-contrib-jst-0-7-0.lock
20 silly addNameRange { name: 'grunt-contrib-jst',
20 silly addNameRange   range: '>=0.7.0-0 <0.8.0-0',
20 silly addNameRange   hasData: false }
21 verbose request where is /grunt-contrib-jst
22 verbose request registry https://registry.npmjs.org/
23 verbose request id 1d52a3a46c5609be
24 verbose url raw /grunt-contrib-jst
25 verbose url resolving [ 'https://registry.npmjs.org/', './grunt-contrib-jst' ]
26 verbose url resolved https://registry.npmjs.org/grunt-contrib-jst
27 verbose request where is https://registry.npmjs.org/grunt-contrib-jst
28 info trying registry request attempt 1 at 10:16:44
29 http GET https://registry.npmjs.org/grunt-contrib-jst
30 http 200 https://registry.npmjs.org/grunt-contrib-jst
31 silly registry.get cb [ 200,
31 silly registry.get   { date: 'Fri, 07 Nov 2014 18:16:45 GMT',
31 silly registry.get     server: 'CouchDB/1.5.0 (Erlang OTP/R16B03)',
31 silly registry.get     etag: '"4ZVPL6RFG64IXDJO770VUGCPL"',
31 silly registry.get     'content-type': 'application/json',
31 silly registry.get     'cache-control': 'max-age=60',
31 silly registry.get     'content-length': '27782',
31 silly registry.get     'accept-ranges': 'bytes',
31 silly registry.get     via: '1.1 varnish',
31 silly registry.get     age: '0',
31 silly registry.get     'x-served-by': 'cache-lax1430-LAX',
31 silly registry.get     'x-cache': 'HIT',
31 silly registry.get     'x-cache-hits': '1',
31 silly registry.get     'x-timer': 'S1415384205.114586,VS0,VE39',
31 silly registry.get     vary: 'Accept',
31 silly registry.get     'keep-alive': 'timeout=10, max=50',
31 silly registry.get     connection: 'Keep-Alive' } ]
32 silly addNameRange number 2 { name: 'grunt-contrib-jst',
32 silly addNameRange   range: '>=0.7.0-0 <0.8.0-0',
32 silly addNameRange   hasData: true }
33 silly addNameRange versions [ 'grunt-contrib-jst',
33 silly addNameRange   [ '0.2.0',
33 silly addNameRange     '0.2.1',
33 silly addNameRange     '0.2.2',
33 silly addNameRange     '0.2.3',
33 silly addNameRange     '0.2.4',
33 silly addNameRange     '0.3.0',
33 silly addNameRange     '0.3.1',
33 silly addNameRange     '0.3.2',
33 silly addNameRange     '0.4.1',
33 silly addNameRange     '0.5.0',
33 silly addNameRange     '0.5.1',
33 silly addNameRange     '0.6.0',
33 silly addNameRange     '0.4.0-rc7',
33 silly addNameRange     '0.4.1-rc7' ] ]
34 silly lockFile 22f60674-grunt-contrib-jst-0-7-0 grunt-contrib-jst@~0.7.0
35 silly lockFile 22f60674-grunt-contrib-jst-0-7-0 grunt-contrib-jst@~0.7.0
36 error notarget No compatible version found: grunt-contrib-jst@'>=0.7.0-0 <0.8.0-0'
36 error notarget Valid install targets:
36 error notarget ["0.2.0","0.2.1","0.2.2","0.2.3","0.2.4","0.3.0","0.3.1","0.3.2","0.4.1","0.5.0","0.5.1","0.6.0","0.4.0-rc7","0.4.1-rc7"]
36 error notarget
36 error notarget This is most likely not a problem with npm itself.
36 error notarget In most cases you or one of your dependencies are requesting
36 error notarget a package version that doesn't exist.
37 error System Darwin 13.4.0
38 error command "node" "/usr/local/bin/npm" "install"
39 error cwd /Users/davidfritsch/workspace/partner-tools/CloudFlare-CPanel
40 error node -v v0.10.32
41 error npm -v 1.4.28
42 error code ETARGET
43 verbose exit [ 1, true ]
